2021-02-15 13:45:12 INFO  [http-nio-8080-exec-1]: start showSchedule
2021-02-15 13:45:12 INFO  [http-nio-8080-exec-1]: selectFilmIdName done
2021-02-15 13:45:12 INFO  [http-nio-8080-exec-1]: showAllSeance done
2021-02-15 13:45:12 INFO  [http-nio-8080-exec-1]: showAllSeance done
2021-02-15 13:45:12 INFO  [http-nio-8080-exec-1]: selectCurrentDay done
2021-02-15 13:45:12 INFO  [http-nio-8080-exec-1]: showAllSeance done
2021-02-15 13:45:14 INFO  [http-nio-8080-exec-1]: end showSchedule
2021-02-15 13:45:14 INFO  [http-nio-8080-exec-3]: start showSchedule
2021-02-15 13:45:14 INFO  [http-nio-8080-exec-3]: selectFilmIdName done
2021-02-15 13:45:14 INFO  [http-nio-8080-exec-3]: showAllSeance done
2021-02-15 13:45:14 INFO  [http-nio-8080-exec-3]: showAllSeance done
2021-02-15 13:45:14 INFO  [http-nio-8080-exec-3]: selectCurrentDay done
2021-02-15 13:45:14 INFO  [http-nio-8080-exec-3]: showAllSeance done
2021-02-15 13:45:14 INFO  [http-nio-8080-exec-3]: end showSchedule
2021-02-15 13:45:17 INFO  [http-nio-8080-exec-10]: start showSchedule
2021-02-15 13:45:17 INFO  [http-nio-8080-exec-10]: selectFilmIdName done
2021-02-15 13:45:17 INFO  [http-nio-8080-exec-10]: showAllSeance done
2021-02-15 13:45:17 INFO  [http-nio-8080-exec-10]: showAllSeance done
2021-02-15 13:45:17 INFO  [http-nio-8080-exec-10]: selectCurrentDay done
2021-02-15 13:45:17 INFO  [http-nio-8080-exec-10]: showAllSeance done
2021-02-15 13:45:17 INFO  [http-nio-8080-exec-10]: end showSchedule
2021-02-15 13:45:26 INFO  [http-nio-8080-exec-2]: checkUser done
2021-02-15 13:45:27 INFO  [http-nio-8080-exec-1]: checkUser done
2021-02-15 13:45:30 INFO  [http-nio-8080-exec-3]: checkUser done
2021-02-15 13:45:30 INFO  [http-nio-8080-exec-3]: getRoleByLoginPassword done
2021-02-15 13:45:30 INFO  [http-nio-8080-exec-4]: start showSchedule
2021-02-15 13:45:30 INFO  [http-nio-8080-exec-4]: selectFilmIdName done
2021-02-15 13:45:30 INFO  [http-nio-8080-exec-4]: showAllSeance done
2021-02-15 13:45:30 INFO  [http-nio-8080-exec-4]: showAllSeance done
2021-02-15 13:45:30 INFO  [http-nio-8080-exec-4]: selectCurrentDay done
2021-02-15 13:45:30 INFO  [http-nio-8080-exec-4]: showAllSeance done
2021-02-15 13:45:30 INFO  [http-nio-8080-exec-4]: end showSchedule
2021-02-15 13:45:47 INFO  [http-nio-8080-exec-9]: checkUser done
2021-02-15 13:59:35 INFO  [http-nio-8080-exec-1]: selectFilmIdName done
2021-02-15 13:59:35 INFO  [http-nio-8080-exec-1]: showAllSeance done
2021-02-15 13:59:35 INFO  [http-nio-8080-exec-1]: showAllSeance done
2021-02-15 13:59:35 INFO  [http-nio-8080-exec-1]: selectCurrentDay done
2021-02-15 13:59:35 INFO  [http-nio-8080-exec-1]: showAllSeance done
2021-02-15 13:59:37 INFO  [http-nio-8080-exec-1]: end showSchedule
2021-02-15 13:59:37 INFO  [http-nio-8080-exec-3]: selectFilmIdName done
2021-02-15 13:59:37 INFO  [http-nio-8080-exec-3]: showAllSeance done
2021-02-15 13:59:37 INFO  [http-nio-8080-exec-3]: showAllSeance done
2021-02-15 13:59:37 INFO  [http-nio-8080-exec-3]: selectCurrentDay done
2021-02-15 13:59:37 INFO  [http-nio-8080-exec-3]: showAllSeance done
2021-02-15 13:59:37 INFO  [http-nio-8080-exec-3]: end showSchedule
2021-02-15 14:53:10 INFO  [http-nio-8080-exec-1]: selectFilmIdName done
2021-02-15 14:53:10 INFO  [http-nio-8080-exec-1]: showAllSeance done
2021-02-15 14:53:11 INFO  [http-nio-8080-exec-1]: showAllSeance done
2021-02-15 14:53:11 INFO  [http-nio-8080-exec-1]: selectCurrentDay done
2021-02-15 14:53:11 INFO  [http-nio-8080-exec-1]: showAllSeance done
2021-02-15 14:53:12 INFO  [http-nio-8080-exec-1]: end showSchedule
2021-02-15 14:53:13 INFO  [http-nio-8080-exec-3]: selectFilmIdName done
2021-02-15 14:53:13 INFO  [http-nio-8080-exec-3]: showAllSeance done
2021-02-15 14:53:13 INFO  [http-nio-8080-exec-3]: showAllSeance done
2021-02-15 14:53:13 INFO  [http-nio-8080-exec-3]: selectCurrentDay done
2021-02-15 14:53:13 INFO  [http-nio-8080-exec-3]: showAllSeance done
2021-02-15 14:53:13 INFO  [http-nio-8080-exec-3]: end showSchedule
2021-02-15 14:53:19 INFO  [http-nio-8080-exec-9]: checkUser done
2021-02-15 14:55:45 INFO  [http-nio-8080-exec-1]: selectFilmIdName done
2021-02-15 14:55:45 INFO  [http-nio-8080-exec-1]: showAllSeance done
2021-02-15 14:55:45 INFO  [http-nio-8080-exec-1]: showAllSeance done
2021-02-15 14:55:45 INFO  [http-nio-8080-exec-1]: selectCurrentDay done
2021-02-15 14:55:45 INFO  [http-nio-8080-exec-1]: showAllSeance done
2021-02-15 14:55:46 INFO  [http-nio-8080-exec-1]: end showSchedule
2021-02-15 14:55:47 INFO  [http-nio-8080-exec-3]: selectFilmIdName done
2021-02-15 14:55:47 INFO  [http-nio-8080-exec-3]: showAllSeance done
2021-02-15 14:55:47 INFO  [http-nio-8080-exec-3]: showAllSeance done
2021-02-15 14:55:47 INFO  [http-nio-8080-exec-3]: selectCurrentDay done
2021-02-15 14:55:47 INFO  [http-nio-8080-exec-3]: showAllSeance done
2021-02-15 14:55:47 INFO  [http-nio-8080-exec-3]: end showSchedule
2021-02-15 14:55:49 INFO  [http-nio-8080-exec-4]: checkUser done
2021-02-15 14:55:55 INFO  [http-nio-8080-exec-5]: checkUser done
2021-02-15 14:55:55 INFO  [http-nio-8080-exec-5]: getRoleByLoginPassword done
2021-02-15 14:55:55 INFO  [http-nio-8080-exec-6]: selectFilmIdName done
2021-02-15 14:55:55 INFO  [http-nio-8080-exec-6]: showAllSeance done
2021-02-15 14:55:55 INFO  [http-nio-8080-exec-6]: showAllSeance done
2021-02-15 14:55:55 INFO  [http-nio-8080-exec-6]: selectCurrentDay done
2021-02-15 14:55:55 INFO  [http-nio-8080-exec-6]: showAllSeance done
2021-02-15 14:55:55 INFO  [http-nio-8080-exec-6]: end showSchedule
2021-02-15 14:56:02 INFO  [http-nio-8080-exec-9]: checkUser done
2021-02-15 14:56:07 INFO  [http-nio-8080-exec-10]: checkUser done
2021-02-15 14:56:07 INFO  [http-nio-8080-exec-10]: getRoleByLoginPassword done
2021-02-15 14:56:07 INFO  [http-nio-8080-exec-2]: selectFilmIdName done
2021-02-15 14:56:07 INFO  [http-nio-8080-exec-2]: showAllSeance done
2021-02-15 14:56:07 INFO  [http-nio-8080-exec-2]: showAllSeance done
2021-02-15 14:56:07 INFO  [http-nio-8080-exec-2]: selectCurrentDay done
2021-02-15 14:56:07 INFO  [http-nio-8080-exec-2]: showAllSeance done
2021-02-15 14:56:07 INFO  [http-nio-8080-exec-2]: end showSchedule
2021-02-15 14:56:08 INFO  [http-nio-8080-exec-4]: checkUser done
2021-02-15 14:57:08 INFO  [http-nio-8080-exec-1]: selectFilmIdName done
2021-02-15 14:57:08 INFO  [http-nio-8080-exec-1]: showAllSeance done
2021-02-15 14:57:08 INFO  [http-nio-8080-exec-1]: showAllSeance done
2021-02-15 14:57:08 INFO  [http-nio-8080-exec-1]: selectCurrentDay done
2021-02-15 14:57:08 INFO  [http-nio-8080-exec-1]: showAllSeance done
2021-02-15 14:57:09 INFO  [http-nio-8080-exec-1]: end showSchedule
2021-02-15 14:57:10 INFO  [http-nio-8080-exec-3]: selectFilmIdName done
2021-02-15 14:57:10 INFO  [http-nio-8080-exec-3]: showAllSeance done
2021-02-15 14:57:10 INFO  [http-nio-8080-exec-3]: showAllSeance done
2021-02-15 14:57:10 INFO  [http-nio-8080-exec-3]: selectCurrentDay done
2021-02-15 14:57:10 INFO  [http-nio-8080-exec-3]: showAllSeance done
2021-02-15 14:57:10 INFO  [http-nio-8080-exec-3]: end showSchedule
2021-02-15 14:58:03 INFO  [http-nio-8080-exec-7]: checkUser done
2021-02-15 14:58:06 INFO  [http-nio-8080-exec-8]: checkUser done
2021-02-15 14:58:06 INFO  [http-nio-8080-exec-8]: getRoleByLoginPassword done
2021-02-15 14:58:06 INFO  [http-nio-8080-exec-9]: selectFilmIdName done
2021-02-15 14:58:06 INFO  [http-nio-8080-exec-9]: showAllSeance done
2021-02-15 14:58:06 INFO  [http-nio-8080-exec-9]: showAllSeance done
2021-02-15 14:58:06 INFO  [http-nio-8080-exec-9]: selectCurrentDay done
2021-02-15 14:58:06 INFO  [http-nio-8080-exec-9]: showAllSeance done
2021-02-15 14:58:06 INFO  [http-nio-8080-exec-9]: end showSchedule
2021-02-15 14:58:09 INFO  [http-nio-8080-exec-10]: findAllFilms done
2021-02-15 14:58:44 INFO  [http-nio-8080-exec-8]: addFilm done
2021-02-15 14:58:44 INFO  [http-nio-8080-exec-9]: findAllFilms done
2021-02-15 15:03:20 INFO  [http-nio-8080-exec-4]: showAllSeance done
2021-02-15 15:03:20 INFO  [http-nio-8080-exec-4]: selectFilmIdName done
2021-02-15 15:03:23 INFO  [http-nio-8080-exec-5]: selectFilmIdName done
2021-02-15 15:06:47 INFO  [http-nio-8080-exec-1]: selectFilmIdName done
2021-02-15 15:06:47 INFO  [http-nio-8080-exec-1]: showAllSeance done
2021-02-15 15:06:47 INFO  [http-nio-8080-exec-1]: showAllSeance done
2021-02-15 15:06:47 INFO  [http-nio-8080-exec-1]: selectCurrentDay done
2021-02-15 15:06:47 INFO  [http-nio-8080-exec-1]: showAllSeance done
2021-02-15 15:06:48 INFO  [http-nio-8080-exec-1]: end showSchedule
2021-02-15 15:06:49 INFO  [http-nio-8080-exec-3]: selectFilmIdName done
2021-02-15 15:06:49 INFO  [http-nio-8080-exec-3]: showAllSeance done
2021-02-15 15:06:49 INFO  [http-nio-8080-exec-3]: showAllSeance done
2021-02-15 15:06:49 INFO  [http-nio-8080-exec-3]: selectCurrentDay done
2021-02-15 15:06:49 INFO  [http-nio-8080-exec-3]: showAllSeance done
2021-02-15 15:06:49 INFO  [http-nio-8080-exec-3]: end showSchedule
2021-02-15 15:06:51 INFO  [http-nio-8080-exec-4]: checkUser done
2021-02-15 15:06:54 INFO  [http-nio-8080-exec-5]: checkUser done
2021-02-15 15:06:54 INFO  [http-nio-8080-exec-5]: getRoleByLoginPassword done
2021-02-15 15:06:54 INFO  [http-nio-8080-exec-6]: selectFilmIdName done
2021-02-15 15:06:54 INFO  [http-nio-8080-exec-6]: showAllSeance done
2021-02-15 15:06:54 INFO  [http-nio-8080-exec-6]: showAllSeance done
2021-02-15 15:06:54 INFO  [http-nio-8080-exec-6]: selectCurrentDay done
2021-02-15 15:06:54 INFO  [http-nio-8080-exec-6]: showAllSeance done
2021-02-15 15:06:54 INFO  [http-nio-8080-exec-6]: end showSchedule
2021-02-15 15:06:54 INFO  [http-nio-8080-exec-7]: showAllSeance done
2021-02-15 15:06:54 INFO  [http-nio-8080-exec-7]: selectFilmIdName done
2021-02-15 15:06:57 INFO  [http-nio-8080-exec-8]: selectFilmIdName done
2021-02-15 15:10:26 INFO  [http-nio-8080-exec-1]: selectFilmIdName done
2021-02-15 15:10:26 INFO  [http-nio-8080-exec-1]: showAllSeance done
2021-02-15 15:10:26 INFO  [http-nio-8080-exec-1]: showAllSeance done
2021-02-15 15:10:26 INFO  [http-nio-8080-exec-1]: selectCurrentDay done
2021-02-15 15:10:26 INFO  [http-nio-8080-exec-1]: showAllSeance done
2021-02-15 15:10:27 INFO  [http-nio-8080-exec-1]: end showSchedule
2021-02-15 15:10:27 INFO  [http-nio-8080-exec-4]: selectFilmIdName done
2021-02-15 15:10:27 INFO  [http-nio-8080-exec-4]: showAllSeance done
2021-02-15 15:10:27 INFO  [http-nio-8080-exec-4]: showAllSeance done
2021-02-15 15:10:27 INFO  [http-nio-8080-exec-4]: selectCurrentDay done
2021-02-15 15:10:27 INFO  [http-nio-8080-exec-4]: showAllSeance done
2021-02-15 15:10:27 INFO  [http-nio-8080-exec-4]: end showSchedule
2021-02-15 15:10:28 INFO  [http-nio-8080-exec-6]: checkUser done
2021-02-15 15:10:32 INFO  [http-nio-8080-exec-7]: checkUser done
2021-02-15 15:10:32 INFO  [http-nio-8080-exec-7]: getRoleByLoginPassword done
2021-02-15 15:10:32 INFO  [http-nio-8080-exec-8]: selectFilmIdName done
2021-02-15 15:10:32 INFO  [http-nio-8080-exec-8]: showAllSeance done
2021-02-15 15:10:32 INFO  [http-nio-8080-exec-8]: showAllSeance done
2021-02-15 15:10:32 INFO  [http-nio-8080-exec-8]: selectCurrentDay done
2021-02-15 15:10:32 INFO  [http-nio-8080-exec-8]: showAllSeance done
2021-02-15 15:10:32 INFO  [http-nio-8080-exec-8]: end showSchedule
2021-02-15 15:10:34 INFO  [http-nio-8080-exec-9]: showAllSeance done
2021-02-15 15:10:34 INFO  [http-nio-8080-exec-9]: selectFilmIdName done
2021-02-15 15:10:35 INFO  [http-nio-8080-exec-10]: selectFilmIdName done
2021-02-15 15:12:28 INFO  [http-nio-8080-exec-1]: selectFilmIdName done
2021-02-15 15:12:28 INFO  [http-nio-8080-exec-1]: showAllSeance done
2021-02-15 15:12:28 INFO  [http-nio-8080-exec-1]: showAllSeance done
2021-02-15 15:12:28 INFO  [http-nio-8080-exec-1]: selectCurrentDay done
2021-02-15 15:12:28 INFO  [http-nio-8080-exec-1]: showAllSeance done
2021-02-15 15:12:30 INFO  [http-nio-8080-exec-1]: end showSchedule
2021-02-15 15:12:31 INFO  [http-nio-8080-exec-3]: selectFilmIdName done
2021-02-15 15:12:31 INFO  [http-nio-8080-exec-3]: showAllSeance done
2021-02-15 15:12:31 INFO  [http-nio-8080-exec-3]: showAllSeance done
2021-02-15 15:12:31 INFO  [http-nio-8080-exec-3]: selectCurrentDay done
2021-02-15 15:12:31 INFO  [http-nio-8080-exec-3]: showAllSeance done
2021-02-15 15:12:31 INFO  [http-nio-8080-exec-3]: end showSchedule
2021-02-15 15:12:32 INFO  [http-nio-8080-exec-4]: checkUser done
2021-02-15 15:12:35 INFO  [http-nio-8080-exec-5]: checkUser done
2021-02-15 15:12:35 INFO  [http-nio-8080-exec-5]: getRoleByLoginPassword done
2021-02-15 15:12:35 INFO  [http-nio-8080-exec-6]: selectFilmIdName done
2021-02-15 15:12:35 INFO  [http-nio-8080-exec-6]: showAllSeance done
2021-02-15 15:12:35 INFO  [http-nio-8080-exec-6]: showAllSeance done
2021-02-15 15:12:35 INFO  [http-nio-8080-exec-6]: selectCurrentDay done
2021-02-15 15:12:35 INFO  [http-nio-8080-exec-6]: showAllSeance done
2021-02-15 15:12:35 INFO  [http-nio-8080-exec-6]: end showSchedule
2021-02-15 15:12:36 INFO  [http-nio-8080-exec-7]: showAllSeance done
2021-02-15 15:12:36 INFO  [http-nio-8080-exec-7]: selectFilmIdName done
2021-02-15 15:12:37 INFO  [http-nio-8080-exec-8]: showAllSeance done
2021-02-15 15:12:37 INFO  [http-nio-8080-exec-8]: selectFilmIdName done
2021-02-15 15:12:37 INFO  [http-nio-8080-exec-9]: selectFilmIdName done
2021-02-15 15:13:58 INFO  [http-nio-8080-exec-1]: selectFilmIdName done
2021-02-15 15:13:58 INFO  [http-nio-8080-exec-1]: showAllSeance done
2021-02-15 15:13:58 INFO  [http-nio-8080-exec-1]: showAllSeance done
2021-02-15 15:13:58 INFO  [http-nio-8080-exec-1]: selectCurrentDay done
2021-02-15 15:13:58 INFO  [http-nio-8080-exec-1]: showAllSeance done
2021-02-15 15:13:59 INFO  [http-nio-8080-exec-1]: end showSchedule
2021-02-15 15:14:00 INFO  [http-nio-8080-exec-3]: selectFilmIdName done
2021-02-15 15:14:00 INFO  [http-nio-8080-exec-3]: showAllSeance done
2021-02-15 15:14:00 INFO  [http-nio-8080-exec-3]: showAllSeance done
2021-02-15 15:14:00 INFO  [http-nio-8080-exec-3]: selectCurrentDay done
2021-02-15 15:14:00 INFO  [http-nio-8080-exec-3]: showAllSeance done
2021-02-15 15:14:00 INFO  [http-nio-8080-exec-3]: end showSchedule
2021-02-15 15:14:02 INFO  [http-nio-8080-exec-4]: checkUser done
2021-02-15 15:14:05 INFO  [http-nio-8080-exec-5]: checkUser done
2021-02-15 15:14:05 INFO  [http-nio-8080-exec-5]: getRoleByLoginPassword done
2021-02-15 15:14:05 INFO  [http-nio-8080-exec-6]: selectFilmIdName done
2021-02-15 15:14:05 INFO  [http-nio-8080-exec-6]: showAllSeance done
2021-02-15 15:14:05 INFO  [http-nio-8080-exec-6]: showAllSeance done
2021-02-15 15:14:05 INFO  [http-nio-8080-exec-6]: selectCurrentDay done
2021-02-15 15:14:05 INFO  [http-nio-8080-exec-6]: showAllSeance done
2021-02-15 15:14:05 INFO  [http-nio-8080-exec-6]: end showSchedule
2021-02-15 15:14:06 INFO  [http-nio-8080-exec-7]: showAllSeance done
2021-02-15 15:14:06 INFO  [http-nio-8080-exec-7]: selectFilmIdName done
2021-02-15 15:14:08 INFO  [http-nio-8080-exec-8]: selectFilmIdName done
2021-02-15 15:15:31 INFO  [http-nio-8080-exec-1]: selectFilmIdName done
2021-02-15 15:15:31 INFO  [http-nio-8080-exec-1]: showAllSeance done
2021-02-15 15:15:31 INFO  [http-nio-8080-exec-1]: showAllSeance done
2021-02-15 15:15:31 INFO  [http-nio-8080-exec-1]: selectCurrentDay done
2021-02-15 15:15:31 INFO  [http-nio-8080-exec-1]: showAllSeance done
2021-02-15 15:15:33 INFO  [http-nio-8080-exec-1]: end showSchedule
2021-02-15 15:15:33 INFO  [http-nio-8080-exec-3]: selectFilmIdName done
2021-02-15 15:15:33 INFO  [http-nio-8080-exec-3]: showAllSeance done
2021-02-15 15:15:33 INFO  [http-nio-8080-exec-3]: showAllSeance done
2021-02-15 15:15:33 INFO  [http-nio-8080-exec-3]: selectCurrentDay done
2021-02-15 15:15:33 INFO  [http-nio-8080-exec-3]: showAllSeance done
2021-02-15 15:15:33 INFO  [http-nio-8080-exec-3]: end showSchedule
2021-02-15 15:15:35 INFO  [http-nio-8080-exec-4]: checkUser done
2021-02-15 15:15:41 INFO  [http-nio-8080-exec-5]: checkUser done
2021-02-15 15:15:41 INFO  [http-nio-8080-exec-5]: getRoleByLoginPassword done
2021-02-15 15:15:41 INFO  [http-nio-8080-exec-6]: selectFilmIdName done
2021-02-15 15:15:41 INFO  [http-nio-8080-exec-6]: showAllSeance done
2021-02-15 15:15:41 INFO  [http-nio-8080-exec-6]: showAllSeance done
2021-02-15 15:15:41 INFO  [http-nio-8080-exec-6]: selectCurrentDay done
2021-02-15 15:15:41 INFO  [http-nio-8080-exec-6]: showAllSeance done
2021-02-15 15:15:41 INFO  [http-nio-8080-exec-6]: end showSchedule
2021-02-15 15:15:43 INFO  [http-nio-8080-exec-7]: showAllSeance done
2021-02-15 15:15:43 INFO  [http-nio-8080-exec-7]: selectFilmIdName done
2021-02-15 15:15:44 INFO  [http-nio-8080-exec-8]: selectFilmIdName done
2021-02-15 15:18:07 INFO  [http-nio-8080-exec-2]: selectSeanceById done
2021-02-15 15:18:07 INFO  [http-nio-8080-exec-2]: selectFilmIdName done
2021-02-15 15:20:54 INFO  [http-nio-8080-exec-1]: selectFilmIdName done
2021-02-15 15:20:54 INFO  [http-nio-8080-exec-1]: showAllSeance done
2021-02-15 15:20:54 INFO  [http-nio-8080-exec-1]: showAllSeance done
2021-02-15 15:20:54 INFO  [http-nio-8080-exec-1]: selectCurrentDay done
2021-02-15 15:20:54 INFO  [http-nio-8080-exec-1]: showAllSeance done
2021-02-15 15:20:55 INFO  [http-nio-8080-exec-1]: end showSchedule
2021-02-15 15:20:55 INFO  [http-nio-8080-exec-3]: selectFilmIdName done
2021-02-15 15:20:55 INFO  [http-nio-8080-exec-3]: showAllSeance done
2021-02-15 15:20:55 INFO  [http-nio-8080-exec-3]: showAllSeance done
2021-02-15 15:20:55 INFO  [http-nio-8080-exec-3]: selectCurrentDay done
2021-02-15 15:20:55 INFO  [http-nio-8080-exec-3]: showAllSeance done
2021-02-15 15:20:55 INFO  [http-nio-8080-exec-3]: end showSchedule
2021-02-15 15:20:56 INFO  [http-nio-8080-exec-8]: checkUser done
2021-02-15 15:20:59 INFO  [http-nio-8080-exec-9]: checkUser done
2021-02-15 15:20:59 INFO  [http-nio-8080-exec-9]: getRoleByLoginPassword done
2021-02-15 15:20:59 INFO  [http-nio-8080-exec-10]: selectFilmIdName done
2021-02-15 15:20:59 INFO  [http-nio-8080-exec-10]: showAllSeance done
2021-02-15 15:20:59 INFO  [http-nio-8080-exec-10]: showAllSeance done
2021-02-15 15:20:59 INFO  [http-nio-8080-exec-10]: selectCurrentDay done
2021-02-15 15:20:59 INFO  [http-nio-8080-exec-10]: showAllSeance done
2021-02-15 15:20:59 INFO  [http-nio-8080-exec-10]: end showSchedule
2021-02-15 15:21:01 INFO  [http-nio-8080-exec-2]: showAllSeance done
2021-02-15 15:21:01 INFO  [http-nio-8080-exec-2]: selectFilmIdName done
2021-02-15 15:21:05 INFO  [http-nio-8080-exec-1]: selectSeanceById done
2021-02-15 15:21:05 INFO  [http-nio-8080-exec-1]: selectFilmIdName done
2021-02-15 15:21:14 INFO  [http-nio-8080-exec-3]: selectFilmIdName done
2021-02-15 15:21:14 INFO  [http-nio-8080-exec-3]: showAllSeance done
2021-02-15 15:21:14 INFO  [http-nio-8080-exec-3]: showAllSeance done
2021-02-15 15:21:14 INFO  [http-nio-8080-exec-3]: selectCurrentDay done
2021-02-15 15:21:14 INFO  [http-nio-8080-exec-3]: showAllSeance done
2021-02-15 15:21:14 INFO  [http-nio-8080-exec-3]: end showSchedule
2021-02-15 15:35:12 INFO  [http-nio-8080-exec-1]: selectFilmIdName done
2021-02-15 15:35:12 INFO  [http-nio-8080-exec-1]: showAllSeance done
2021-02-15 15:35:12 INFO  [http-nio-8080-exec-1]: showAllSeance done
2021-02-15 15:35:12 INFO  [http-nio-8080-exec-1]: selectCurrentDay done
2021-02-15 15:35:12 INFO  [http-nio-8080-exec-1]: showAllSeance done
2021-02-15 15:35:14 INFO  [http-nio-8080-exec-3]: selectFilmIdName done
2021-02-15 15:35:14 INFO  [http-nio-8080-exec-3]: showAllSeance done
2021-02-15 15:35:14 INFO  [http-nio-8080-exec-3]: showAllSeance done
2021-02-15 15:35:14 INFO  [http-nio-8080-exec-3]: selectCurrentDay done
2021-02-15 15:35:14 INFO  [http-nio-8080-exec-3]: showAllSeance done
2021-02-15 15:35:34 INFO  [http-nio-8080-exec-8]: selectFilmIdName done
2021-02-15 15:35:34 INFO  [http-nio-8080-exec-8]: showAllSeance done
2021-02-15 15:35:34 INFO  [http-nio-8080-exec-8]: showAllSeance done
2021-02-15 15:35:34 INFO  [http-nio-8080-exec-8]: selectCurrentDay done
2021-02-15 15:35:34 INFO  [http-nio-8080-exec-8]: showAllSeance done
2021-02-15 15:35:36 INFO  [http-nio-8080-exec-10]: selectFilmIdName done
2021-02-15 15:35:36 INFO  [http-nio-8080-exec-10]: showAllSeance done
2021-02-15 15:35:36 INFO  [http-nio-8080-exec-10]: showAllSeance done
2021-02-15 15:35:36 INFO  [http-nio-8080-exec-10]: selectCurrentDay done
2021-02-15 15:35:36 INFO  [http-nio-8080-exec-10]: showAllSeance done
2021-02-15 15:35:47 INFO  [http-nio-8080-exec-2]: checkUser done
2021-02-15 15:36:09 INFO  [http-nio-8080-exec-4]: registerUser done
2021-02-15 15:36:09 INFO  [http-nio-8080-exec-5]: checkUser done
2021-02-15 15:49:52 INFO  [http-nio-8080-exec-8]: checkUser done
2021-02-15 15:49:52 INFO  [http-nio-8080-exec-8]: getRoleByLoginPassword done
2021-02-15 15:49:52 INFO  [http-nio-8080-exec-9]: selectFilmIdName done
2021-02-15 15:49:52 INFO  [http-nio-8080-exec-9]: showAllSeance done
2021-02-15 15:49:52 INFO  [http-nio-8080-exec-9]: showAllSeance done
2021-02-15 15:49:52 INFO  [http-nio-8080-exec-9]: selectCurrentDay done
2021-02-15 15:49:52 INFO  [http-nio-8080-exec-9]: showAllSeance done
2021-02-15 15:49:53 INFO  [http-nio-8080-exec-1]: showAllSeance done
2021-02-15 15:49:53 INFO  [http-nio-8080-exec-1]: selectFilmIdName done
2021-02-15 15:49:54 INFO  [http-nio-8080-exec-3]: selectFilmIdName done
